<?xml version="1.0" encoding="UTF-8"?>
<!-- Generated by org.testng.reporters.JUnitReportReporter -->
<testsuite hostname="1-ПК" name="Test.AutoTests" tests="5" failures="0" timestamp="26 May 2016 07:22:23 GMT" time="484.901" errors="0">
  <testcase name="logInMyFish" time="38.204" classname="Test.AutoTests"/>
  <testcase name="subscribe" time="139.820" classname="Test.AutoTests"/>
  <testcase name="logOutMyFish" time="130.556" classname="Test.AutoTests"/>
  <testcase name="changePassword" time="137.697" classname="Test.AutoTests"/>
  <testcase name="search" time="38.624" classname="Test.AutoTests"/>
</testsuite> <!-- Test.AutoTests -->
